# JRE version: Java(TM) SE Runtime Environment (8.0_192-b12) (build 1.8.0_192-b12)
# Java VM: Java HotSpot(TM) 64-Bit Server VM (25.192-b12 mixed mode bsd-amd64 compressed oops)
Heap:
 PSYoungGen      total 152064K, used 37910K [0x000000076ab00000, 0x0000000777000000, 0x00000007c0000000)
  eden space 141312K, 19% used [0x000000076ab00000,0x000000076c5865c8,0x0000000773500000)
  from space 10752K, 99% used [0x0000000774180000,0x0000000774bff240,0x0000000774c00000)
  to   space 12800K, 0% used [0x0000000773500000,0x0000000773500000,0x0000000774180000)
 ParOldGen       total 179712K, used 14777K [0x00000006c0000000, 0x00000006caf80000, 0x000000076ab00000)
  object space 179712K, 8% used [0x00000006c0000000,0x00000006c0e6e740,0x00000006caf80000)
 Metaspace       used 47537K, capacity 49146K, committed 49280K, reserved 1091584K
  class space    used 6190K, capacity 6483K, committed 6528K, reserved 1048576K
GC Heap History (10 events):
Event: 1.641 GC heap before
{Heap before GC invocations=4 (full 1):
 PSYoungGen      total 76288K, used 8314K [0x000000076ab00000, 0x0000000774000000, 0x00000007c0000000)
  eden space 65536K, 0% used [0x000000076ab00000,0x000000076ab00000,0x000000076eb00000)
  from space 10752K, 77% used [0x000000076eb00000,0x000000076f31e9e0,0x000000076f580000)
  to   space 10752K, 0% used [0x0000000773580000,0x0000000773580000,0x0000000774000000)
 ParOldGen       total 175104K, used 24K [0x00000006c0000000, 0x00000006cab00000, 0x000000076ab00000)
  object space 175104K, 0% used [0x00000006c0000000,0x00000006c0006000,0x00000006cab00000)
 Metaspace       used 20588K, capacity 21186K, committed 21296K, reserved 1069056K
  class space    used 2546K, capacity 2663K, committed 2688K, reserved 1048576K
Event: 1.666 GC heap after
Heap after GC invocations=4 (full 1):
 PSYoungGen      total 76288K, used 0K [0x000000076ab00000, 0x0000000774000000, 0x00000007c0000000)
  eden space 65536K, 0% used [0x000000076ab00000,0x000000076ab00000,0x000000076eb00000)
  from space 10752K, 0% used [0x000000076eb00000,0x000000076eb00000,0x000000076f580000)
  to   space 10752K, 0% used [0x0000000773580000,0x0000000773580000,0x0000000774000000)
 ParOldGen       total 109568K, used 8036K [0x00000006c0000000, 0x00000006c6b00000, 0x000000076ab00000)
  object space 109568K, 7% used [0x00000006c0000000,0x00000006c07d93a0,0x00000006c6b00000)
 Metaspace       used 20588K, capacity 21186K, committed 21296K, reserved 1069056K
  class space    used 2546K, capacity 2663K, committed 2688K, reserved 1048576K
}
Event: 2.102 GC heap before
{Heap before GC invocations=5 (full 1):
 PSYoungGen      total 76288K, used 65536K [0x000000076ab00000, 0x0000000774000000, 0x00000007c0000000)
  eden space 65536K, 100% used [0x000000076ab00000,0x000000076eb00000,0x000000076eb00000)
  from space 10752K, 0% used [0x000000076eb00000,0x000000076eb00000,0x000000076f580000)
  to   space 10752K, 0% used [0x0000000773580000,0x0000000773580000,0x0000000774000000)
 ParOldGen       total 109568K, used 8036K [0x00000006c0000000, 0x00000006c6b00000, 0x000000076ab00000)
  object space 109568K, 7% used [0x00000006c0000000,0x00000006c07d93a0,0x00000006c6b00000)
 Metaspace       used 28784K, capacity 29558K, committed 29696K, reserved 1075200K
  class space    used 3665K, capacity 3833K, committed 3840K, reserved 1048576K
Event: 2.109 GC heap after
Heap after GC invocations=5 (full 1):
 PSYoungGen      total 104960K, used 7970K [0x000000076ab00000, 0x0000000773d80000, 0x00000007c0000000)
  eden space 96768K, 0% used [0x000000076ab00000,0x000000076ab00000,0x0000000770980000)
  from space 8192K, 97% used [0x0000000773580000,0x0000000773d48b28,0x0000000773d80000)
  to   space 10752K, 0% used [0x0000000772880000,0x0000000772880000,0x0000000773300000)
 ParOldGen       total 109568K, used 8044K [0x00000006c0000000, 0x00000006c6b00000, 0x000000076ab00000)
  object space 109568K, 7% used [0x00000006c0000000,0x00000006c07db3a0,0x00000006c6b00000)
 Metaspace       used 28784K, capacity 29558K, committed 29696K, reserved 1075200K
  class space    used 3665K, capacity 3833K, committed 3840K, reserved 1048576K
}
Event: 2.555 GC heap before
{Heap before GC invocations=6 (full 1):
 PSYoungGen      total 104960K, used 70277K [0x000000076ab00000, 0x0000000773d80000, 0x00000007c0000000)
  eden space 96768K, 64% used [0x000000076ab00000,0x000000076e7d88d8,0x0000000770980000)
  from space 8192K, 97% used [0x0000000773580000,0x0000000773d48b28,0x0000000773d80000)
  to   space 10752K, 0% used [0x0000000772880000,0x0000000772880000,0x0000000773300000)
 ParOldGen       total 109568K, used 8044K [0x00000006c0000000, 0x00000006c6b00000, 0x000000076ab00000)
  object space 109568K, 7% used [0x00000006c0000000,0x00000006c07db3a0,0x00000006c6b00000)
 Metaspace       used 34431K, capacity 35158K, committed 35496K, reserved 1081344K
  class space    used 4420K, capacity 4581K, committed 4608K, reserved 1048576K
Event: 2.562 GC heap after
Heap after GC invocations=6 (full 1):
 PSYoungGen      total 139264K, used 9597K [0x000000076ab00000, 0x0000000774c00000, 0x00000007c0000000)
  eden space 128512K, 0% used [0x000000076ab00000,0x000000076ab00000,0x0000000772880000)
  from space 10752K, 89% used [0x0000000772880000,0x00000007731df708,0x0000000773300000)
  to   space 10752K, 0% used [0x0000000774180000,0x0000000774180000,0x0000000774c00000)
 ParOldGen       total 109568K, used 8052K [0x00000006c0000000, 0x00000006c6b00000, 0x000000076ab00000)
  object space 109568K, 7% used [0x00000006c0000000,0x00000006c07dd3a0,0x00000006c6b00000)
 Metaspace       used 34431K, capacity 35158K, committed 35496K, reserved 1081344K
  class space    used 4420K, capacity 4581K, committed 4608K, reserved 1048576K
}
Event: 2.562 GC heap before
{Heap before GC invocations=7 (full 2):
 PSYoungGen      total 139264K, used 9597K [0x000000076ab00000, 0x0000000774c00000, 0x00000007c0000000)
  eden space 128512K, 0% used [0x000000076ab00000,0x000000076ab00000,0x0000000772880000)
  from space 10752K, 89% used [0x0000000772880000,0x00000007731df708,0x0000000773300000)
  to   space 10752K, 0% used [0x0000000774180000,0x0000000774180000,0x0000000774c00000)
 ParOldGen       total 109568K, used 8052K [0x00000006c0000000, 0x00000006c6b00000, 0x000000076ab00000)
  object space 109568K, 7% used [0x00000006c0000000,0x00000006c07dd3a0,0x00000006c6b00000)
 Metaspace       used 34431K, capacity 35158K, committed 35496K, reserved 1081344K
  class space    used 4420K, capacity 4581K, committed 4608K, reserved 1048576K
Event: 2.591 GC heap after
Heap after GC invocations=7 (full 2):
 PSYoungGen      total 139264K, used 0K [0x000000076ab00000, 0x0000000774c00000, 0x00000007c0000000)
  eden space 128512K, 0% used [0x000000076ab00000,0x000000076ab00000,0x0000000772880000)
  from space 10752K, 0% used [0x0000000772880000,0x0000000772880000,0x0000000773300000)
  to   space 10752K, 0% used [0x0000000774180000,0x0000000774180000,0x0000000774c00000)
 ParOldGen       total 179712K, used 13875K [0x00000006c0000000, 0x00000006caf80000, 0x000000076ab00000)
  object space 179712K, 7% used [0x00000006c0000000,0x00000006c0d8cd70,0x00000006caf80000)
 Metaspace       used 34431K, capacity 35158K, committed 35496K, reserved 1081344K
  class space    used 4420K, capacity 4581K, committed 4608K, reserved 1048576K
}
Event: 3.590 GC heap before
{Heap before GC invocations=8 (full 2):
 PSYoungGen      total 139264K, used 128512K [0x000000076ab00000, 0x0000000774c00000, 0x00000007c0000000)
  eden space 128512K, 100% used [0x000000076ab00000,0x0000000772880000,0x0000000772880000)
  from space 10752K, 0% used [0x0000000772880000,0x0000000772880000,0x0000000773300000)
  to   space 10752K, 0% used [0x0000000774180000,0x0000000774180000,0x0000000774c00000)
 ParOldGen       total 179712K, used 13875K [0x00000006c0000000, 0x00000006caf80000, 0x000000076ab00000)
  object space 179712K, 7% used [0x00000006c0000000,0x00000006c0d8cd70,0x00000006caf80000)
 Metaspace       used 44365K, capacity 45876K, committed 45952K, reserved 1089536K
  class space    used 5906K, capacity 6200K, committed 6272K, reserved 1048576K
Event: 3.604 GC heap after
Heap after GC invocations=8 (full 2):
 PSYoungGen      total 152064K, used 10748K [0x000000076ab00000, 0x0000000777000000, 0x00000007c0000000)
  eden space 141312K, 0% used [0x000000076ab00000,0x000000076ab00000,0x0000000773500000)
  from space 10752K, 99% used [0x0000000774180000,0x0000000774bff240,0x0000000774c00000)
  to   space 12800K, 0% used [0x0000000773500000,0x0000000773500000,0x0000000774180000)
 ParOldGen       total 179712K, used 14777K [0x00000006c0000000, 0x00000006caf80000, 0x000000076ab00000)
  object space 179712K, 8% used [0x00000006c0000000,0x00000006c0e6e740,0x00000006caf80000)
 Metaspace       used 44365K, capacity 45876K, committed 45952K, reserved 1089536K
  class space    used 5906K, capacity 6200K, committed 6272K, reserved 1048576K
}

